1 :: Accés a l'apartat INICI el dia 05/03/2026 am Thursday'112026Thu, 05 Mar 2026 11:16:14 +0000am 11:16:14
2 :: Accés a l'apartat REGISTRE el dia 05/03/2026 am Thursday'112026Thu, 05 Mar 2026 11:16:16 +0000am 11:16:16
3 :: Accés a l'apartat APADRINA el dia 05/03/2026 am Thursday'112026Thu, 05 Mar 2026 11:17:56 +0000am 11:17:56
4 :: Accés a l'apartat CONTACTE el dia 05/03/2026 am Thursday'112026Thu, 05 Mar 2026 11:17:57 +0000am 11:17:57
5 :: Accés a l'apartat REGISTRE el dia 05/03/2026 am Thursday'112026Thu, 05 Mar 2026 11:17:58 +0000am 11:17:58
6 :: Accés a l'apartat INICI el dia 05/03/2026 am Thursday'112026Thu, 05 Mar 2026 11:17:59 +0000am 11:17:59
7 :: Accés a l'apartat REGISTRE el dia 05/03/2026 am Thursday'112026Thu, 05 Mar 2026 11:17:59 +0000am 11:17:59
8 :: Accés a l'apartat CONTACTE el dia 05/03/2026 am Thursday'112026Thu, 05 Mar 2026 11:18:00 +0000am 11:18:00
9 :: Accés a l'apartat APADRINA el dia 05/03/2026 am Thursday'112026Thu, 05 Mar 2026 11:18:00 +0000am 11:18:00
10 :: Accés a l'apartat REGISTRE el dia 05/03/2026 am Thursday'112026Thu, 05 Mar 2026 11:18:01 +0000am 11:18:01
11 :: Accés a l'apartat INICI el dia 05/03/2026 am Thursday'112026Thu, 05 Mar 2026 11:18:02 +0000am 11:18:02
12 :: Accés a l'apartat REGISTRE el dia 05/03/2026 am Thursday'112026Thu, 05 Mar 2026 11:18:03 +0000am 11:18:03
13 :: Accés a l'apartat CONTACTE el dia 05/03/2026 am Thursday'112026Thu, 05 Mar 2026 11:18:04 +0000am 11:18:04
14 :: Accés a l'apartat APADRINA el dia 05/03/2026 am Thursday'112026Thu, 05 Mar 2026 11:18:04 +0000am 11:18:04
15 :: Accés a l'apartat CONTACTE el dia 05/03/2026 am Thursday'112026Thu, 05 Mar 2026 11:18:05 +0000am 11:18:05
16 :: Accés a l'apartat INICI el dia 05/03/2026 am Thursday'112026Thu, 05 Mar 2026 11:18:10 +0000am 11:18:10
17 :: Accés a l'apartat REGISTRE el dia 05/03/2026 am Thursday'112026Thu, 05 Mar 2026 11:18:13 +0000am 11:18:13
18 :: Accés a l'apartat LINE1 el dia 05/03/2026 am Thursday'112026Thu, 05 Mar 2026 11:20:43 +0000am 11:20:43
19 :: Accés a l'apartat LINE2 el dia 05/03/2026 am Thursday'112026Thu, 05 Mar 2026 11:20:43 +0000am 11:20:43
20 :: Accés a l'apartat LINE3 el dia 05/03/2026 am Thursday'112026Thu, 05 Mar 2026 11:20:43 +0000am 11:20:43
21 :: Accés a l'apartat LINE4 el dia 05/03/2026 am Thursday'112026Thu, 05 Mar 2026 11:20:43 +0000am 11:20:43
22 :: Accés a l'apartat LINE5 el dia 05/03/2026 am Thursday'112026Thu, 05 Mar 2026 11:20:43 +0000am 11:20:43
23 :: Accés a l'apartat LINE6 el dia 05/03/2026 am Thursday'112026Thu, 05 Mar 2026 11:20:43 +0000am 11:20:43
24 :: Accés a l'apartat LINE7 el dia 05/03/2026 am Thursday'112026Thu, 05 Mar 2026 11:20:43 +0000am 11:20:43
25 :: Accés a l'apartat LINE8 el dia 05/03/2026 am Thursday'112026Thu, 05 Mar 2026 11:20:44 +0000am 11:20:44
26 :: Accés a l'apartat LINE9 el dia 05/03/2026 am Thursday'112026Thu, 05 Mar 2026 11:20:44 +0000am 11:20:44
27 :: Accés a l'apartat LINE10 el dia 05/03/2026 am Thursday'112026Thu, 05 Mar 2026 11:20:44 +0000am 11:20:44
28 :: Accés a l'apartat LINE11 el dia 05/03/2026 am Thursday'112026Thu, 05 Mar 2026 11:20:44 +0000am 11:20:44
29 :: Accés a l'apartat LINE12 el dia 05/03/2026 am Thursday'112026Thu, 05 Mar 2026 11:20:44 +0000am 11:20:44
30 :: Accés a l'apartat TRIGGER1 el dia 05/03/2026 am Thursday'112026Thu, 05 Mar 2026 11:22:25 +0000am 11:22:25
